<?xml version="1.0" encoding="UTF-8"?>
<!-- Generated by org.testng.reporters.JUnitReportReporter -->
<testsuite hostname="Dell-Vostro-2520" failures="0" tests="1" name="handle.excelData.WriteIntoExcel" time="1.535" errors="0" timestamp="2021-08-25T21:24:38 IST" skipped="0">
  <testcase classname="handle.excelData.WriteIntoExcel" name="WriteData" time="1.535"/>
  <system-out/>
</testsuite> <!-- handle.excelData.WriteIntoExcel -->
