<?xml version="1.0" encoding="UTF-8"?>
<!-- Generated by org.testng.reporters.JUnitReportReporter -->
<testsuite hostname="Dell-Vostro-2520" failures="0" tests="1" name="handle.webTable.ToHandleWebTableEx" time="30.469" errors="0" timestamp="2021-08-15T14:33:06 IST" skipped="0">
  <testcase classname="handle.webTable.ToHandleWebTableEx" name="HandleWebTable" time="30.469"/>
  <system-out/>
</testsuite> <!-- handle.webTable.ToHandleWebTableEx -->
