<?xml version="1.0" encoding="UTF-8"?>
<!-- Generated by org.testng.reporters.JUnitReportReporter -->
<testsuite hostname="Dell-Vostro-2520" failures="0" tests="3" name="keys.event.KeyEventEx" time="24.818" errors="0" timestamp="2021-08-25T21:30:31 IST" skipped="0">
  <testcase classname="keys.event.KeyEventEx" name="KeyEvent" time="4.325"/>
  <system-out/>
  <testcase classname="keys.event.KeyEventEx" name="MouseHover" time="16.515"/>
  <system-out/>
  <testcase classname="keys.event.KeyEventEx" name="DoubleClick" time="3.978"/>
  <system-out/>
</testsuite> <!-- keys.event.KeyEventEx -->
