<?xml version="1.0" encoding="UTF-8"?>
<!-- Generated by org.testng.reporters.JUnitReportReporter -->
<testsuite hostname="Dell-Vostro-2520" failures="0" tests="1" name="brokenlink.BrokenLinkTest" time="31.329" errors="0" timestamp="2021-08-10T10:28:08 IST" skipped="0">
  <testcase classname="brokenlink.BrokenLinkTest" name="ToTestBrokenLink" time="31.329"/>
  <system-out/>
</testsuite> <!-- brokenlink.BrokenLinkTest -->
