<?xml version="1.0" encoding="UTF-8"?>
<!-- Generated by org.testng.reporters.JUnitReportReporter -->
<testsuite hostname="Dell-Vostro-2520" failures="0" tests="1" name="handle.Exception.InvalidSelectorExceptionEx" time="11.750" errors="0" timestamp="2021-08-25T21:24:38 IST" skipped="0">
  <testcase classname="handle.Exception.InvalidSelectorExceptionEx" name="invalidSelectorExcep" time="11.750"/>
  <system-out/>
</testsuite> <!-- handle.Exception.InvalidSelectorExceptionEx -->
