<?xml version="1.0" encoding="UTF-8"?>
<!-- Generated by org.testng.reporters.JUnitReportReporter -->
<testsuite hostname="Dell-Vostro-2520" failures="0" tests="1" name="handle.webTable.HandleWebTable2" time="9.557" errors="0" timestamp="2021-08-14T23:08:56 IST" skipped="0">
  <testcase classname="handle.webTable.HandleWebTable2" name="handleWebTable" time="9.557"/>
  <system-out/>
</testsuite> <!-- handle.webTable.HandleWebTable2 -->
