<?xml version="1.0" encoding="UTF-8"?>
<!-- Generated by org.testng.reporters.JUnitReportReporter -->
<testsuite hostname="Dell-Vostro-2520" failures="0" tests="1" name="brokenlink.ToTestBrokenLink" time="104.980" errors="0" timestamp="2021-08-25T21:24:38 IST" skipped="0">
  <testcase classname="brokenlink.ToTestBrokenLink" name="verifyLink" time="104.980"/>
  <system-out/>
</testsuite> <!-- brokenlink.ToTestBrokenLink -->
