<?xml version="1.0" encoding="UTF-8"?>
<!-- Generated by org.testng.reporters.JUnitReportReporter -->
<testsuite hostname="Dell-Vostro-2520" failures="0" tests="1" name="brokenlink.BrokenLinkDemo" time="12.557" errors="0" timestamp="2021-08-10T14:47:53 IST" skipped="0">
  <testcase classname="brokenlink.BrokenLinkDemo" name="verifyBrokenLinks" time="12.557"/>
  <system-out/>
</testsuite> <!-- brokenlink.BrokenLinkDemo -->
