<?xml version="1.0" encoding="UTF-8"?>
<!-- Generated by org.testng.reporters.JUnitReportReporter -->
<testsuite hostname="Dell-Vostro-2520" failures="0" tests="3" name="cross.browser.CrossBrowserTest" time="89.903" errors="0" timestamp="2021-08-25T20:31:58 IST" skipped="0">
  <testcase classname="cross.browser.CrossBrowserTest" name="verifyHeaderValue" time="29.046"/>
  <system-out/>
  <testcase classname="cross.browser.CrossBrowserTest" name="verifyHeaderValue" time="28.576"/>
  <system-out/>
  <testcase classname="cross.browser.CrossBrowserTest" name="verifyHeaderValue" time="32.281"/>
  <system-out/>
</testsuite> <!-- cross.browser.CrossBrowserTest -->
