<?xml version="1.0" encoding="UTF-8"?>
<!-- Generated by org.testng.reporters.JUnitReportReporter -->
<testsuite hostname="Dell-Vostro-2520" failures="0" tests="3" name="robot.classEx.KeyBordEvent" time="65.867" errors="0" timestamp="2021-08-25T21:24:38 IST" skipped="0">
  <testcase classname="robot.classEx.KeyBordEvent" name="KeyboardEvent" time="20.376"/>
  <system-out/>
  <testcase classname="robot.classEx.KeyBordEvent" name="KeyEvent" time="11.712"/>
  <system-out/>
  <testcase classname="robot.classEx.KeyBordEvent" name="keyEvent" time="33.779"/>
  <system-out/>
</testsuite> <!-- robot.classEx.KeyBordEvent -->
