<?xml version="1.0" encoding="UTF-8"?>
<!-- Generated by org.testng.reporters.JUnitReportReporter -->
<testsuite hostname="Dell-Vostro-2520" failures="0" tests="1" name="handle.excelData.ReadDataFromExcel" time="1.888" errors="0" timestamp="2021-08-25T21:24:38 IST" skipped="0">
  <testcase classname="handle.excelData.ReadDataFromExcel" name="ReadExcelFile" time="1.888"/>
  <system-out/>
</testsuite> <!-- handle.excelData.ReadDataFromExcel -->
