<?xml version="1.0" encoding="UTF-8"?>
<!-- Generated by org.testng.reporters.JUnitReportReporter -->
<testsuite hostname="Dell-Vostro-2520" failures="0" tests="1" name="getWindowHandle.HandleMultipleWindows" time="11.640" errors="0" timestamp="2021-08-21T22:52:35 IST" skipped="0">
  <testcase classname="getWindowHandle.HandleMultipleWindows" name="windowHandle" time="11.640"/>
  <system-out/>
</testsuite> <!-- getWindowHandle.HandleMultipleWindows -->
